SF:lib/src/features/quotepage/data/anime_chan_repository.dart
DA:10,0
DA:12,0
DA:16,0
DA:17,0
DA:21,2
DA:22,1
DA:24,1
DA:25,1
DA:26,2
DA:27,0
DA:29,2
DA:30,1
DA:34,1
DA:35,1
DA:36,4
DA:41,0
DA:42,0
DA:43,0
DA:44,0
DA:45,0
DA:46,0
DA:48,0
DA:49,0
DA:53,0
DA:57,0
DA:58,0
DA:60,0
DA:61,0
DA:62,0
DA:63,0
DA:65,0
DA:67,0
DA:68,0
DA:70,0
LF:34
LH:10
end_of_record
SF:lib/src/features/quotepage/domain/quote.dart
DA:2,2
DA:8,2
DA:9,1
DA:10,1
DA:11,1
DA:13,1
DA:17,1
DA:20,0
DA:21,0
LF:9
LH:7
end_of_record
